Analysis & Synthesis report for EDA
Thu Dec 29 17:53:10 2016
Quartus II Version 9.0 Build 132 02/25/2009 SJ Full Version


---------------------
; Table of Contents ;
---------------------
  1. Legal Notice
  2. Analysis & Synthesis Summary
  3. Analysis & Synthesis Settings
  4. Analysis & Synthesis Source Files Read
  5. Analysis & Synthesis Resource Usage Summary
  6. Analysis & Synthesis Resource Utilization by Entity
  7. General Register Statistics
  8. Parameter Settings for User Entity Instance: 74161:inst30
  9. Parameter Settings for User Entity Instance: 7485:inst
 10. Parameter Settings for User Entity Instance: 7485:inst1
 11. Parameter Settings for User Entity Instance: 74161:inst49
 12. Parameter Settings for User Entity Instance: 74283:inst21
 13. Parameter Settings for User Entity Instance: 7485:inst22
 14. Parameter Settings for User Entity Instance: 74283:inst24
 15. Analysis & Synthesis Messages



----------------
; Legal Notice ;
----------------
Copyright (C) 1991-2009 Altera Corporation
Your use of Altera Corporation's design tools, logic functions 
and other software and tools, and its AMPP partner logic 
functions, and any output files from any of the foregoing 
(including device programming or simulation files), and any 
associated documentation or information are expressly subject 
to the terms and conditions of the Altera Program License 
Subscription Agreement, Altera MegaCore Function License 
Agreement, or other applicable license agreement, including, 
without limitation, that your use is for the sole purpose of 
programming logic devices manufactured by Altera and sold by 
Altera or its authorized distributors.  Please refer to the 
applicable agreement for further details.



+-------------------------------------------------------------------------------+
; Analysis & Synthesis Summary                                                  ;
+------------------------------------+------------------------------------------+
; Analysis & Synthesis Status        ; Successful - Thu Dec 29 17:53:10 2016    ;
; Quartus II Version                 ; 9.0 Build 132 02/25/2009 SJ Full Version ;
; Revision Name                      ; EDA                                      ;
; Top-level Entity Name              ; EDA                                      ;
; Family                             ; Cyclone III                              ;
; Total logic elements               ; 55                                       ;
;     Total combinational functions  ; 55                                       ;
;     Dedicated logic registers      ; 6                                        ;
; Total registers                    ; 6                                        ;
; Total pins                         ; 30                                       ;
; Total virtual pins                 ; 0                                        ;
; Total memory bits                  ; 0                                        ;
; Embedded Multiplier 9-bit elements ; 0                                        ;
; Total PLLs                         ; 0                                        ;
+------------------------------------+------------------------------------------+


+----------------------------------------------------------------------------------------------------------+
; Analysis & Synthesis Settings                                                                            ;
+----------------------------------------------------------------+--------------------+--------------------+
; Option                                                         ; Setting            ; Default Value      ;
+----------------------------------------------------------------+--------------------+--------------------+
; Device                                                         ; EP3C10E144C8       ;                    ;
; Top-level entity name                                          ; EDA                ; EDA                ;
; Family name                                                    ; Cyclone III        ; Stratix II         ;
; Use Generated Physical Constraints File                        ; Off                ;                    ;
; Use smart compilation                                          ; Off                ; Off                ;
; Restructure Multiplexers                                       ; Auto               ; Auto               ;
; Create Debugging Nodes for IP Cores                            ; Off                ; Off                ;
; Preserve fewer node names                                      ; On                 ; On                 ;
; Disable OpenCore Plus hardware evaluation                      ; Off                ; Off                ;
; Verilog Version                                                ; Verilog_2001       ; Verilog_2001       ;
; VHDL Version                                                   ; VHDL93             ; VHDL93             ;
; State Machine Processing                                       ; Auto               ; Auto               ;
; Safe State Machine                                             ; Off                ; Off                ;
; Extract Verilog State Machines                                 ; On                 ; On                 ;
; Extract VHDL State Machines                                    ; On                 ; On                 ;
; Ignore Verilog initial constructs                              ; Off                ; Off                ;
; Iteration limit for constant Verilog loops                     ; 5000               ; 5000               ;
; Iteration limit for non-constant Verilog loops                 ; 250                ; 250                ;
; Add Pass-Through Logic to Inferred RAMs                        ; On                 ; On                 ;
; Parallel Synthesis                                             ; Off                ; Off                ;
; DSP Block Balancing                                            ; Auto               ; Auto               ;
; NOT Gate Push-Back                                             ; On                 ; On                 ;
; Power-Up Don't Care                                            ; On                 ; On                 ;
; Remove Redundant Logic Cells                                   ; Off                ; Off                ;
; Remove Duplicate Registers                                     ; On                 ; On                 ;
; Ignore CARRY Buffers                                           ; Off                ; Off                ;
; Ignore CASCADE Buffers                                         ; Off                ; Off                ;
; Ignore GLOBAL Buffers                                          ; Off                ; Off                ;
; Ignore ROW GLOBAL Buffers                                      ; Off                ; Off                ;
; Ignore LCELL Buffers                                           ; Off                ; Off                ;
; Ignore SOFT Buffers                                            ; On                 ; On                 ;
; Limit AHDL Integers to 32 Bits                                 ; Off                ; Off                ;
; Optimization Technique                                         ; Balanced           ; Balanced           ;
; Carry Chain Length                                             ; 70                 ; 70                 ;
; Auto Carry Chains                                              ; On                 ; On                 ;
; Auto Open-Drain Pins                                           ; On                 ; On                 ;
; Perform WYSIWYG Primitive Resynthesis                          ; Off                ; Off                ;
; Auto ROM Replacement                                           ; On                 ; On                 ;
; Auto RAM Replacement                                           ; On                 ; On                 ;
; Auto DSP Block Replacement                                     ; On                 ; On                 ;
; Auto Shift Register Replacement                                ; Auto               ; Auto               ;
; Auto Clock Enable Replacement                                  ; On                 ; On                 ;
; Strict RAM Replacement                                         ; Off                ; Off                ;
; Allow Synchronous Control Signals                              ; On                 ; On                 ;
; Force Use of Synchronous Clear Signals                         ; Off                ; Off                ;
; Auto RAM Block Balancing                                       ; On                 ; On                 ;
; Auto RAM to Logic Cell Conversion                              ; Off                ; Off                ;
; Auto Resource Sharing                                          ; Off                ; Off                ;
; Allow Any RAM Size For Recognition                             ; Off                ; Off                ;
; Allow Any ROM Size For Recognition                             ; Off                ; Off                ;
; Allow Any Shift Register Size For Recognition                  ; Off                ; Off                ;
; Use LogicLock Constraints during Resource Balancing            ; On                 ; On                 ;
; Ignore translate_off and synthesis_off directives              ; Off                ; Off                ;
; Timing-Driven Synthesis                                        ; Off                ; Off                ;
; Show Parameter Settings Tables in Synthesis Report             ; On                 ; On                 ;
; Ignore Maximum Fan-Out Assignments                             ; Off                ; Off                ;
; Synchronization Register Chain Length                          ; 2                  ; 2                  ;
; PowerPlay Power Optimization                                   ; Normal compilation ; Normal compilation ;
; HDL message level                                              ; Level2             ; Level2             ;
; Suppress Register Optimization Related Messages                ; Off                ; Off                ;
; Number of Removed Registers Reported in Synthesis Report       ; 100                ; 100                ;
; Number of Inverted Registers Reported in Synthesis Report      ; 100                ; 100                ;
; Clock MUX Protection                                           ; On                 ; On                 ;
; Auto Gated Clock Conversion                                    ; Off                ; Off                ;
; Block Design Naming                                            ; Auto               ; Auto               ;
; SDC constraint protection                                      ; Off                ; Off                ;
; Synthesis Effort                                               ; Auto               ; Auto               ;
; Allows Asynchronous Clear Usage For Shift Register Replacement ; On                 ; On                 ;
; Analysis & Synthesis Message Level                             ; Medium             ; Medium             ;
+----------------------------------------------------------------+--------------------+--------------------+


+-----------------------------------------------------------------------------------------------------------------------------------------------------+
; Analysis & Synthesis Source Files Read                                                                                                              ;
+----------------------------------+-----------------+------------------------------------+-----------------------------------------------------------+
; File Name with User-Entered Path ; Used in Netlist ; File Type                          ; File Name with Absolute Path                              ;
+----------------------------------+-----------------+------------------------------------+-----------------------------------------------------------+
; EDA.bdf                          ; yes             ; User Block Diagram/Schematic File  ; C:/Users/wyx/Desktop/EDA/EDA.bdf                          ;
; 74161.tdf                        ; yes             ; Megafunction                       ; d:/altera/90/quartus/libraries/others/maxplus2/74161.tdf  ;
; aglobal.inc                      ; yes             ; Megafunction                       ; d:/altera/90/quartus/libraries/megafunctions/aglobal.inc  ;
; f74161.bdf                       ; yes             ; Megafunction                       ; d:/altera/90/quartus/libraries/others/maxplus2/f74161.bdf ;
; 7408.bdf                         ; yes             ; Megafunction                       ; d:/altera/90/quartus/libraries/others/maxplus2/7408.bdf   ;
; 7432.bdf                         ; yes             ; Megafunction                       ; d:/altera/90/quartus/libraries/others/maxplus2/7432.bdf   ;
; 7485.tdf                         ; yes             ; Megafunction                       ; d:/altera/90/quartus/libraries/others/maxplus2/7485.tdf   ;
; f7485.bdf                        ; yes             ; Megafunction                       ; d:/altera/90/quartus/libraries/others/maxplus2/f7485.bdf  ;
; 7400.bdf                         ; yes             ; Megafunction                       ; d:/altera/90/quartus/libraries/others/maxplus2/7400.bdf   ;
; 7448.bdf                         ; yes             ; Megafunction                       ; d:/altera/90/quartus/libraries/others/maxplus2/7448.bdf   ;
; 74153.bdf                        ; yes             ; Megafunction                       ; d:/altera/90/quartus/libraries/others/maxplus2/74153.bdf  ;
; 74283.tdf                        ; yes             ; Megafunction                       ; d:/altera/90/quartus/libraries/others/maxplus2/74283.tdf  ;
; f74283.bdf                       ; yes             ; Megafunction                       ; d:/altera/90/quartus/libraries/others/maxplus2/f74283.bdf ;
; 74154.bdf                        ; yes             ; Megafunction                       ; d:/altera/90/quartus/libraries/others/maxplus2/74154.bdf  ;
+----------------------------------+-----------------+------------------------------------+-----------------------------------------------------------+


+-------------------------------------------------------------------------+
; Analysis & Synthesis Resource Usage Summary                             ;
+---------------------------------------------+---------------------------+
; Resource                                    ; Usage                     ;
+---------------------------------------------+---------------------------+
; Estimated Total logic elements              ; 55                        ;
;                                             ;                           ;
; Total combinational functions               ; 55                        ;
; Logic element usage by number of LUT inputs ;                           ;
;     -- 4 input functions                    ; 35                        ;
;     -- 3 input functions                    ; 10                        ;
;     -- <=2 input functions                  ; 10                        ;
;                                             ;                           ;
; Logic elements by mode                      ;                           ;
;     -- normal mode                          ; 55                        ;
;     -- arithmetic mode                      ; 0                         ;
;                                             ;                           ;
; Total registers                             ; 6                         ;
;     -- Dedicated logic registers            ; 6                         ;
;     -- I/O registers                        ; 0                         ;
;                                             ;                           ;
; I/O pins                                    ; 30                        ;
; Maximum fan-out node                        ; 74161:inst30|f74161:sub|9 ;
; Maximum fan-out                             ; 10                        ;
; Total fan-out                               ; 250                       ;
; Average fan-out                             ; 2.07                      ;
+---------------------------------------------+---------------------------+


+--------------------------------------------------------------------------------------------------------------------------------------------------------------------------------------+
; Analysis & Synthesis Resource Utilization by Entity                                                                                                                                  ;
+----------------------------+-------------------+--------------+-------------+--------------+---------+-----------+------+--------------+------------------------------+--------------+
; Compilation Hierarchy Node ; LC Combinationals ; LC Registers ; Memory Bits ; DSP Elements ; DSP 9x9 ; DSP 18x18 ; Pins ; Virtual Pins ; Full Hierarchy Name          ; Library Name ;
+----------------------------+-------------------+--------------+-------------+--------------+---------+-----------+------+--------------+------------------------------+--------------+
; |EDA                       ; 55 (6)            ; 6 (0)        ; 0           ; 0            ; 0       ; 0         ; 30   ; 0            ; |EDA                         ; work         ;
;    |7400:inst56|           ; 1 (1)             ; 0 (0)        ; 0           ; 0            ; 0       ; 0         ; 0    ; 0            ; |EDA|7400:inst56             ; work         ;
;    |7408:inst12|           ; 1 (1)             ; 0 (0)        ; 0           ; 0            ; 0       ; 0         ; 0    ; 0            ; |EDA|7408:inst12             ; work         ;
;    |7408:inst13|           ; 1 (1)             ; 0 (0)        ; 0           ; 0            ; 0       ; 0         ; 0    ; 0            ; |EDA|7408:inst13             ; work         ;
;    |7408:inst15|           ; 1 (1)             ; 0 (0)        ; 0           ; 0            ; 0       ; 0         ; 0    ; 0            ; |EDA|7408:inst15             ; work         ;
;    |7408:inst16|           ; 1 (1)             ; 0 (0)        ; 0           ; 0            ; 0       ; 0         ; 0    ; 0            ; |EDA|7408:inst16             ; work         ;
;    |7408:inst17|           ; 1 (1)             ; 0 (0)        ; 0           ; 0            ; 0       ; 0         ; 0    ; 0            ; |EDA|7408:inst17             ; work         ;
;    |7408:inst18|           ; 1 (1)             ; 0 (0)        ; 0           ; 0            ; 0       ; 0         ; 0    ; 0            ; |EDA|7408:inst18             ; work         ;
;    |7408:inst19|           ; 1 (1)             ; 0 (0)        ; 0           ; 0            ; 0       ; 0         ; 0    ; 0            ; |EDA|7408:inst19             ; work         ;
;    |7408:inst20|           ; 1 (1)             ; 0 (0)        ; 0           ; 0            ; 0       ; 0         ; 0    ; 0            ; |EDA|7408:inst20             ; work         ;
;    |74153:inst53|          ; 4 (4)             ; 0 (0)        ; 0           ; 0            ; 0       ; 0         ; 0    ; 0            ; |EDA|74153:inst53            ; work         ;
;    |74153:inst54|          ; 6 (6)             ; 0 (0)        ; 0           ; 0            ; 0       ; 0         ; 0    ; 0            ; |EDA|74153:inst54            ; work         ;
;    |74161:inst30|          ; 5 (0)             ; 4 (0)        ; 0           ; 0            ; 0       ; 0         ; 0    ; 0            ; |EDA|74161:inst30            ; work         ;
;       |f74161:sub|         ; 5 (5)             ; 4 (4)        ; 0           ; 0            ; 0       ; 0         ; 0    ; 0            ; |EDA|74161:inst30|f74161:sub ; work         ;
;    |74161:inst49|          ; 2 (0)             ; 2 (0)        ; 0           ; 0            ; 0       ; 0         ; 0    ; 0            ; |EDA|74161:inst49            ; work         ;
;       |f74161:sub|         ; 2 (2)             ; 2 (2)        ; 0           ; 0            ; 0       ; 0         ; 0    ; 0            ; |EDA|74161:inst49|f74161:sub ; work         ;
;    |74283:inst21|          ; 6 (0)             ; 0 (0)        ; 0           ; 0            ; 0       ; 0         ; 0    ; 0            ; |EDA|74283:inst21            ; work         ;
;       |f74283:sub|         ; 6 (6)             ; 0 (0)        ; 0           ; 0            ; 0       ; 0         ; 0    ; 0            ; |EDA|74283:inst21|f74283:sub ; work         ;
;    |7432:inst10|           ; 2 (2)             ; 0 (0)        ; 0           ; 0            ; 0       ; 0         ; 0    ; 0            ; |EDA|7432:inst10             ; work         ;
;    |7432:inst11|           ; 2 (2)             ; 0 (0)        ; 0           ; 0            ; 0       ; 0         ; 0    ; 0            ; |EDA|7432:inst11             ; work         ;
;    |7432:inst4|            ; 3 (3)             ; 0 (0)        ; 0           ; 0            ; 0       ; 0         ; 0    ; 0            ; |EDA|7432:inst4              ; work         ;
;    |7448:inst58|           ; 7 (7)             ; 0 (0)        ; 0           ; 0            ; 0       ; 0         ; 0    ; 0            ; |EDA|7448:inst58             ; work         ;
;    |7485:inst1|            ; 1 (0)             ; 0 (0)        ; 0           ; 0            ; 0       ; 0         ; 0    ; 0            ; |EDA|7485:inst1              ; work         ;
;       |f7485:sub|          ; 1 (1)             ; 0 (0)        ; 0           ; 0            ; 0       ; 0         ; 0    ; 0            ; |EDA|7485:inst1|f7485:sub    ; work         ;
;    |7485:inst22|           ; 1 (0)             ; 0 (0)        ; 0           ; 0            ; 0       ; 0         ; 0    ; 0            ; |EDA|7485:inst22             ; work         ;
;       |f7485:sub|          ; 1 (1)             ; 0 (0)        ; 0           ; 0            ; 0       ; 0         ; 0    ; 0            ; |EDA|7485:inst22|f7485:sub   ; work         ;
;    |7485:inst|             ; 1 (0)             ; 0 (0)        ; 0           ; 0            ; 0       ; 0         ; 0    ; 0            ; |EDA|7485:inst               ; work         ;
;       |f7485:sub|          ; 1 (1)             ; 0 (0)        ; 0           ; 0            ; 0       ; 0         ; 0    ; 0            ; |EDA|7485:inst|f7485:sub     ; work         ;
+----------------------------+-------------------+--------------+-------------+--------------+---------+-----------+------+--------------+------------------------------+--------------+
Note: For table entries with two numbers listed, the numbers in parentheses indicate the number of resources of the given type used by the specific entity alone. The numbers listed outside of parentheses indicate the total resources of the given type used by the specific entity and all of its sub-entities in the hierarchy.


+------------------------------------------------------+
; General Register Statistics                          ;
+----------------------------------------------+-------+
; Statistic                                    ; Value ;
+----------------------------------------------+-------+
; Total registers                              ; 6     ;
; Number of registers using Synchronous Clear  ; 0     ;
; Number of registers using Synchronous Load   ; 0     ;
; Number of registers using Asynchronous Clear ; 0     ;
; Number of registers using Asynchronous Load  ; 0     ;
; Number of registers using Clock Enable       ; 0     ;
; Number of registers using Preset             ; 0     ;
+----------------------------------------------+-------+


+-----------------------------------------------------------+
; Parameter Settings for User Entity Instance: 74161:inst30 ;
+------------------------+-------------+--------------------+
; Parameter Name         ; Value       ; Type               ;
+------------------------+-------------+--------------------+
; DEVICE_FAMILY          ; Cyclone III ; Untyped            ;
; AUTO_CARRY_CHAINS      ; ON          ; AUTO_CARRY         ;
; IGNORE_CARRY_BUFFERS   ; OFF         ; IGNORE_CARRY       ;
; AUTO_CASCADE_CHAINS    ; ON          ; AUTO_CASCADE       ;
; IGNORE_CASCADE_BUFFERS ; OFF         ; IGNORE_CASCADE     ;
+------------------------+-------------+--------------------+
Note: In order to hide this table in the UI and the text report file, please set the "Show Parameter Settings Tables in Synthesis Report" option in "Analysis and Synthesis Settings -> More Settings" to "Off".


+--------------------------------------------------------+
; Parameter Settings for User Entity Instance: 7485:inst ;
+------------------------+-------------+-----------------+
; Parameter Name         ; Value       ; Type            ;
+------------------------+-------------+-----------------+
; DEVICE_FAMILY          ; Cyclone III ; Untyped         ;
; AUTO_CARRY_CHAINS      ; ON          ; AUTO_CARRY      ;
; IGNORE_CARRY_BUFFERS   ; OFF         ; IGNORE_CARRY    ;
; AUTO_CASCADE_CHAINS    ; ON          ; AUTO_CASCADE    ;
; IGNORE_CASCADE_BUFFERS ; OFF         ; IGNORE_CASCADE  ;
+------------------------+-------------+-----------------+
Note: In order to hide this table in the UI and the text report file, please set the "Show Parameter Settings Tables in Synthesis Report" option in "Analysis and Synthesis Settings -> More Settings" to "Off".


+---------------------------------------------------------+
; Parameter Settings for User Entity Instance: 7485:inst1 ;
+------------------------+-------------+------------------+
; Parameter Name         ; Value       ; Type             ;
+------------------------+-------------+------------------+
; DEVICE_FAMILY          ; Cyclone III ; Untyped          ;
; AUTO_CARRY_CHAINS      ; ON          ; AUTO_CARRY       ;
; IGNORE_CARRY_BUFFERS   ; OFF         ; IGNORE_CARRY     ;
; AUTO_CASCADE_CHAINS    ; ON          ; AUTO_CASCADE     ;
; IGNORE_CASCADE_BUFFERS ; OFF         ; IGNORE_CASCADE   ;
+------------------------+-------------+------------------+
Note: In order to hide this table in the UI and the text report file, please set the "Show Parameter Settings Tables in Synthesis Report" option in "Analysis and Synthesis Settings -> More Settings" to "Off".


+-----------------------------------------------------------+
; Parameter Settings for User Entity Instance: 74161:inst49 ;
+------------------------+-------------+--------------------+
; Parameter Name         ; Value       ; Type               ;
+------------------------+-------------+--------------------+
; DEVICE_FAMILY          ; Cyclone III ; Untyped            ;
; AUTO_CARRY_CHAINS      ; ON          ; AUTO_CARRY         ;
; IGNORE_CARRY_BUFFERS   ; OFF         ; IGNORE_CARRY       ;
; AUTO_CASCADE_CHAINS    ; ON          ; AUTO_CASCADE       ;
; IGNORE_CASCADE_BUFFERS ; OFF         ; IGNORE_CASCADE     ;
+------------------------+-------------+--------------------+
Note: In order to hide this table in the UI and the text report file, please set the "Show Parameter Settings Tables in Synthesis Report" option in "Analysis and Synthesis Settings -> More Settings" to "Off".


+-----------------------------------------------------------+
; Parameter Settings for User Entity Instance: 74283:inst21 ;
+------------------------+-------------+--------------------+
; Parameter Name         ; Value       ; Type               ;
+------------------------+-------------+--------------------+
; DEVICE_FAMILY          ; Cyclone III ; Untyped            ;
; AUTO_CARRY_CHAINS      ; ON          ; AUTO_CARRY         ;
; IGNORE_CARRY_BUFFERS   ; OFF         ; IGNORE_CARRY       ;
; AUTO_CASCADE_CHAINS    ; ON          ; AUTO_CASCADE       ;
; IGNORE_CASCADE_BUFFERS ; OFF         ; IGNORE_CASCADE     ;
+------------------------+-------------+--------------------+
Note: In order to hide this table in the UI and the text report file, please set the "Show Parameter Settings Tables in Synthesis Report" option in "Analysis and Synthesis Settings -> More Settings" to "Off".


+----------------------------------------------------------+
; Parameter Settings for User Entity Instance: 7485:inst22 ;
+------------------------+-------------+-------------------+
; Parameter Name         ; Value       ; Type              ;
+------------------------+-------------+-------------------+
; DEVICE_FAMILY          ; Cyclone III ; Untyped           ;
; AUTO_CARRY_CHAINS      ; ON          ; AUTO_CARRY        ;
; IGNORE_CARRY_BUFFERS   ; OFF         ; IGNORE_CARRY      ;
; AUTO_CASCADE_CHAINS    ; ON          ; AUTO_CASCADE      ;
; IGNORE_CASCADE_BUFFERS ; OFF         ; IGNORE_CASCADE    ;
+------------------------+-------------+-------------------+
Note: In order to hide this table in the UI and the text report file, please set the "Show Parameter Settings Tables in Synthesis Report" option in "Analysis and Synthesis Settings -> More Settings" to "Off".


+-----------------------------------------------------------+
; Parameter Settings for User Entity Instance: 74283:inst24 ;
+------------------------+-------------+--------------------+
; Parameter Name         ; Value       ; Type               ;
+------------------------+-------------+--------------------+
; DEVICE_FAMILY          ; Cyclone III ; Untyped            ;
; AUTO_CARRY_CHAINS      ; ON          ; AUTO_CARRY         ;
; IGNORE_CARRY_BUFFERS   ; OFF         ; IGNORE_CARRY       ;
; AUTO_CASCADE_CHAINS    ; ON          ; AUTO_CASCADE       ;
; IGNORE_CASCADE_BUFFERS ; OFF         ; IGNORE_CASCADE     ;
+------------------------+-------------+--------------------+
Note: In order to hide this table in the UI and the text report file, please set the "Show Parameter Settings Tables in Synthesis Report" option in "Analysis and Synthesis Settings -> More Settings" to "Off".


+-------------------------------+
; Analysis & Synthesis Messages ;
+-------------------------------+
Info: *******************************************************************
Info: Running Quartus II Analysis & Synthesis
    Info: Version 9.0 Build 132 02/25/2009 SJ Full Version
    Info: Processing started: Thu Dec 29 17:53:06 2016
Info: Command: quartus_map --read_settings_files=on --write_settings_files=off EDA -c EDA
Info: Found 1 design units, including 1 entities, in source file EDA.bdf
    Info: Found entity 1: EDA
Info: Elaborating entity "EDA" for the top level hierarchy
Info: Elaborating entity "74161" for hierarchy "74161:inst30"
Info: Elaborated megafunction instantiation "74161:inst30"
Info: Elaborating entity "f74161" for hierarchy "74161:inst30|f74161:sub"
Info: Elaborated megafunction instantiation "74161:inst30|f74161:sub", which is child of megafunction instantiation "74161:inst30"
Info: Elaborating entity "7408" for hierarchy "7408:inst20"
Info: Elaborated megafunction instantiation "7408:inst20"
Info: Elaborating entity "7432" for hierarchy "7432:inst10"
Info: Elaborated megafunction instantiation "7432:inst10"
Info: Elaborating entity "7485" for hierarchy "7485:inst"
Info: Elaborated megafunction instantiation "7485:inst"
Info: Elaborating entity "f7485" for hierarchy "7485:inst|f7485:sub"
Info: Elaborated megafunction instantiation "7485:inst|f7485:sub", which is child of megafunction instantiation "7485:inst"
Info: Elaborating entity "74161" for hierarchy "74161:inst49"
Info: Elaborated megafunction instantiation "74161:inst49"
Info: Elaborating entity "7400" for hierarchy "7400:inst56"
Info: Elaborated megafunction instantiation "7400:inst56"
Info: Elaborating entity "7448" for hierarchy "7448:inst58"
Info: Elaborated megafunction instantiation "7448:inst58"
Info: Elaborating entity "74153" for hierarchy "74153:inst53"
Info: Elaborated megafunction instantiation "74153:inst53"
Info: Elaborating entity "74283" for hierarchy "74283:inst21"
Info: Elaborated megafunction instantiation "74283:inst21"
Info: Elaborating entity "f74283" for hierarchy "74283:inst21|f74283:sub"
Info: Elaborated megafunction instantiation "74283:inst21|f74283:sub", which is child of megafunction instantiation "74283:inst21"
Info: Elaborating entity "7485" for hierarchy "7485:inst22"
Info: Elaborated megafunction instantiation "7485:inst22"
Info: Elaborating entity "74283" for hierarchy "74283:inst24"
Info: Elaborated megafunction instantiation "74283:inst24"
Info: Elaborating entity "74154" for hierarchy "74154:inst35"
Info: Elaborated megafunction instantiation "74154:inst35"
Info: Ignored 26 buffer(s)
    Info: Ignored 11 CARRY buffer(s)
    Info: Ignored 3 CASCADE buffer(s)
    Info: Ignored 12 SOFT buffer(s)
Warning: Output pins are stuck at VCC or GND
    Warning (13410): Pin "138C" is stuck at GND
Info: Implemented 85 device resources after synthesis - the final resource count might be different
    Info: Implemented 10 input pins
    Info: Implemented 20 output pins
    Info: Implemented 55 logic cells
Info: Quartus II Analysis & Synthesis was successful. 0 errors, 2 warnings
    Info: Peak virtual memory: 202 megabytes
    Info: Processing ended: Thu Dec 29 17:53:11 2016
    Info: Elapsed time: 00:00:05
    Info: Total CPU time (on all processors): 00:00:05


